{"C:\\Users\\Lawrence\\Microverse-Program\\Module-Two\\week-five\\cloned\\JS_Capstone\\src\\commentsCounter.js": {"path":"C:\\Users\\Lawrence\\Microverse-Program\\Module-Two\\week-five\\cloned\\JS_Capstone\\src\\commentsCounter.js","statementMap":{"0":{"start":{"line":1,"column":24},"end":{"line":5,"column":1}},"1":{"start":{"line":2,"column":19},"end":{"line":2,"column":66}},"2":{"start":{"line":3,"column":25},"end":{"line":3,"column":67}},"3":{"start":{"line":4,"column":2},"end":{"line":4,"column":54}}},"fnMap":{"0":{"name":"(anonymous_0)","decl":{"start":{"line":1,"column":24},"end":{"line":1,"column":25}},"loc":{"start":{"line":1,"column":30},"end":{"line":5,"column":1}},"line":1}},"branchMap":{},"s":{"0":1,"1":1,"2":1,"3":1},"f":{"0":1},"b":{},"_coverageSchema":"1a1c01bbd47fc00a2c39e90264f33305004495a9","hash":"c9c641a8c1d88c1ccd8649c77e71a2f3416a3773"}
}
